# JRE version: OpenJDK Runtime Environment Temurin-17.0.10+7 (17.0.10+7) (build 17.0.10+7)
# Java VM: OpenJDK 64-Bit Server VM Temurin-17.0.10+7 (17.0.10+7, mixed mode, tiered, compressed oops, compressed class ptrs, parallel gc, windows-amd64)
GC Precious Log:
 CPUs: 12 total, 12 available
 Memory: 7967M
 Large Page Support: Disabled
 NUMA Support: Disabled
 Compressed Oops: Enabled (32-bit)
 Alignments: Space 512K, Generation 512K, Heap 2M
 Heap Min Capacity: 100M
 Heap Initial Capacity: 100M
 Heap Max Capacity: 1G
 Pre-touch: Disabled
 Parallel Workers: 10
Heap:
 PSYoungGen      total 37888K, used 16394K [0x00000000eab00000, 0x00000000ede80000, 0x0000000100000000)
  eden space 24576K, 13% used [0x00000000eab00000,0x00000000eae245f0,0x00000000ec300000)
  from space 13312K, 98% used [0x00000000ed180000,0x00000000ede5e578,0x00000000ede80000)
  to   space 13824K, 0% used [0x00000000ec380000,0x00000000ec380000,0x00000000ed100000)
 ParOldGen       total 264704K, used 207116K [0x00000000c0000000, 0x00000000d0280000, 0x00000000eab00000)
  object space 264704K, 78% used [0x00000000c0000000,0x00000000cca43128,0x00000000d0280000)
 Metaspace       used 61465K, committed 62720K, reserved 1114112K
  class space    used 6543K, committed 7104K, reserved 1048576K
GC Heap History (20 events):
Event: 19.182 GC heap before
{Heap before GC invocations=125 (full 6):
 PSYoungGen      total 24576K, used 24320K [0x00000000eab00000, 0x00000000ed180000, 0x0000000100000000)
  eden space 16384K, 100% used [0x00000000eab00000,0x00000000ebb00000,0x00000000ebb00000)
  from space 8192K, 96% used [0x00000000ec500000,0x00000000eccc00d0,0x00000000ecd00000)
  to   space 10240K, 0% used [0x00000000ebb00000,0x00000000ebb00000,0x00000000ec500000)
 ParOldGen       total 198656K, used 174250K [0x00000000c0000000, 0x00000000cc200000, 0x00000000eab00000)
  object space 198656K, 87% used [0x00000000c0000000,0x00000000caa2a898,0x00000000cc200000)
 Metaspace       used 61310K, committed 62592K, reserved 1114112K
  class space    used 6528K, committed 7104K, reserved 1048576K
}
Event: 19.195 GC heap after
{Heap after GC invocations=125 (full 6):
 PSYoungGen      total 26624K, used 10225K [0x00000000eab00000, 0x00000000ed480000, 0x0000000100000000)
  eden space 16384K, 0% used [0x00000000eab00000,0x00000000eab00000,0x00000000ebb00000)
  from space 10240K, 99% used [0x00000000ebb00000,0x00000000ec4fc770,0x00000000ec500000)
  to   space 12288K, 0% used [0x00000000ec880000,0x00000000ec880000,0x00000000ed480000)
 ParOldGen       total 198656K, used 175521K [0x00000000c0000000, 0x00000000cc200000, 0x00000000eab00000)
  object space 198656K, 88% used [0x00000000c0000000,0x00000000cab68690,0x00000000cc200000)
 Metaspace       used 61310K, committed 62592K, reserved 1114112K
  class space    used 6528K, committed 7104K, reserved 1048576K
}
Event: 19.325 GC heap before
{Heap before GC invocations=126 (full 6):
 PSYoungGen      total 26624K, used 26609K [0x00000000eab00000, 0x00000000ed480000, 0x0000000100000000)
  eden space 16384K, 100% used [0x00000000eab00000,0x00000000ebb00000,0x00000000ebb00000)
  from space 10240K, 99% used [0x00000000ebb00000,0x00000000ec4fc770,0x00000000ec500000)
  to   space 12288K, 0% used [0x00000000ec880000,0x00000000ec880000,0x00000000ed480000)
 ParOldGen       total 198656K, used 175521K [0x00000000c0000000, 0x00000000cc200000, 0x00000000eab00000)
  object space 198656K, 88% used [0x00000000c0000000,0x00000000cab68690,0x00000000cc200000)
 Metaspace       used 61346K, committed 62592K, reserved 1114112K
  class space    used 6532K, committed 7104K, reserved 1048576K
}
Event: 19.338 GC heap after
{Heap after GC invocations=126 (full 6):
 PSYoungGen      total 27136K, used 8730K [0x00000000eab00000, 0x00000000ed180000, 0x0000000100000000)
  eden space 17920K, 0% used [0x00000000eab00000,0x00000000eab00000,0x00000000ebc80000)
  from space 9216K, 94% used [0x00000000ec880000,0x00000000ed106850,0x00000000ed180000)
  to   space 10240K, 0% used [0x00000000ebd80000,0x00000000ebd80000,0x00000000ec780000)
 ParOldGen       total 198656K, used 180865K [0x00000000c0000000, 0x00000000cc200000, 0x00000000eab00000)
  object space 198656K, 91% used [0x00000000c0000000,0x00000000cb0a07d0,0x00000000cc200000)
 Metaspace       used 61346K, committed 62592K, reserved 1114112K
  class space    used 6532K, committed 7104K, reserved 1048576K
}
Event: 19.449 GC heap before
{Heap before GC invocations=127 (full 6):
 PSYoungGen      total 27136K, used 26650K [0x00000000eab00000, 0x00000000ed180000, 0x0000000100000000)
  eden space 17920K, 100% used [0x00000000eab00000,0x00000000ebc80000,0x00000000ebc80000)
  from space 9216K, 94% used [0x00000000ec880000,0x00000000ed106850,0x00000000ed180000)
  to   space 10240K, 0% used [0x00000000ebd80000,0x00000000ebd80000,0x00000000ec780000)
 ParOldGen       total 198656K, used 180865K [0x00000000c0000000, 0x00000000cc200000, 0x00000000eab00000)
  object space 198656K, 91% used [0x00000000c0000000,0x00000000cb0a07d0,0x00000000cc200000)
 Metaspace       used 61369K, committed 62592K, reserved 1114112K
  class space    used 6534K, committed 7104K, reserved 1048576K
}
Event: 19.461 GC heap after
{Heap after GC invocations=127 (full 6):
 PSYoungGen      total 29184K, used 10223K [0x00000000eab00000, 0x00000000ed800000, 0x0000000100000000)
  eden space 18944K, 0% used [0x00000000eab00000,0x00000000eab00000,0x00000000ebd80000)
  from space 10240K, 99% used [0x00000000ebd80000,0x00000000ec77be40,0x00000000ec780000)
  to   space 13312K, 0% used [0x00000000ecb00000,0x00000000ecb00000,0x00000000ed800000)
 ParOldGen       total 198656K, used 182859K [0x00000000c0000000, 0x00000000cc200000, 0x00000000eab00000)
  object space 198656K, 92% used [0x00000000c0000000,0x00000000cb292ec0,0x00000000cc200000)
 Metaspace       used 61369K, committed 62592K, reserved 1114112K
  class space    used 6534K, committed 7104K, reserved 1048576K
}
Event: 19.579 GC heap before
{Heap before GC invocations=128 (full 6):
 PSYoungGen      total 29184K, used 29167K [0x00000000eab00000, 0x00000000ed800000, 0x0000000100000000)
  eden space 18944K, 100% used [0x00000000eab00000,0x00000000ebd80000,0x00000000ebd80000)
  from space 10240K, 99% used [0x00000000ebd80000,0x00000000ec77be40,0x00000000ec780000)
  to   space 13312K, 0% used [0x00000000ecb00000,0x00000000ecb00000,0x00000000ed800000)
 ParOldGen       total 198656K, used 182859K [0x00000000c0000000, 0x00000000cc200000, 0x00000000eab00000)
  object space 198656K, 92% used [0x00000000c0000000,0x00000000cb292ec0,0x00000000cc200000)
 Metaspace       used 61428K, committed 62656K, reserved 1114112K
  class space    used 6540K, committed 7104K, reserved 1048576K
}
Event: 19.591 GC heap after
{Heap after GC invocations=128 (full 6):
 PSYoungGen      total 30720K, used 10194K [0x00000000eab00000, 0x00000000ed500000, 0x0000000100000000)
  eden space 20480K, 0% used [0x00000000eab00000,0x00000000eab00000,0x00000000ebf00000)
  from space 10240K, 99% used [0x00000000ecb00000,0x00000000ed4f4848,0x00000000ed500000)
  to   space 11264K, 0% used [0x00000000ebf00000,0x00000000ebf00000,0x00000000eca00000)
 ParOldGen       total 198656K, used 186866K [0x00000000c0000000, 0x00000000cc200000, 0x00000000eab00000)
  object space 198656K, 94% used [0x00000000c0000000,0x00000000cb67c8c8,0x00000000cc200000)
 Metaspace       used 61428K, committed 62656K, reserved 1114112K
  class space    used 6540K, committed 7104K, reserved 1048576K
}
Event: 19.702 GC heap before
{Heap before GC invocations=129 (full 6):
 PSYoungGen      total 30720K, used 30674K [0x00000000eab00000, 0x00000000ed500000, 0x0000000100000000)
  eden space 20480K, 100% used [0x00000000eab00000,0x00000000ebf00000,0x00000000ebf00000)
  from space 10240K, 99% used [0x00000000ecb00000,0x00000000ed4f4848,0x00000000ed500000)
  to   space 11264K, 0% used [0x00000000ebf00000,0x00000000ebf00000,0x00000000eca00000)
 ParOldGen       total 198656K, used 186866K [0x00000000c0000000, 0x00000000cc200000, 0x00000000eab00000)
  object space 198656K, 94% used [0x00000000c0000000,0x00000000cb67c8c8,0x00000000cc200000)
 Metaspace       used 61428K, committed 62656K, reserved 1114112K
  class space    used 6540K, committed 7104K, reserved 1048576K
}
Event: 19.714 GC heap after
{Heap after GC invocations=129 (full 6):
 PSYoungGen      total 31744K, used 11258K [0x00000000eab00000, 0x00000000ede00000, 0x0000000100000000)
  eden space 20480K, 0% used [0x00000000eab00000,0x00000000eab00000,0x00000000ebf00000)
  from space 11264K, 99% used [0x00000000ebf00000,0x00000000ec9fe8e8,0x00000000eca00000)
  to   space 14848K, 0% used [0x00000000ecf80000,0x00000000ecf80000,0x00000000ede00000)
 ParOldGen       total 198656K, used 189499K [0x00000000c0000000, 0x00000000cc200000, 0x00000000eab00000)
  object space 198656K, 95% used [0x00000000c0000000,0x00000000cb90ef20,0x00000000cc200000)
 Metaspace       used 61428K, committed 62656K, reserved 1114112K
  class space    used 6540K, committed 7104K, reserved 1048576K
}
Event: 19.843 GC heap before
{Heap before GC invocations=130 (full 6):
 PSYoungGen      total 31744K, used 31738K [0x00000000eab00000, 0x00000000ede00000, 0x0000000100000000)
  eden space 20480K, 100% used [0x00000000eab00000,0x00000000ebf00000,0x00000000ebf00000)
  from space 11264K, 99% used [0x00000000ebf00000,0x00000000ec9fe8e8,0x00000000eca00000)
  to   space 14848K, 0% used [0x00000000ecf80000,0x00000000ecf80000,0x00000000ede00000)
 ParOldGen       total 198656K, used 189499K [0x00000000c0000000, 0x00000000cc200000, 0x00000000eab00000)
  object space 198656K, 95% used [0x00000000c0000000,0x00000000cb90ef20,0x00000000cc200000)
 Metaspace       used 61428K, committed 62656K, reserved 1114112K
  class space    used 6540K, committed 7104K, reserved 1048576K
}
Event: 19.857 GC heap after
{Heap after GC invocations=130 (full 6):
 PSYoungGen      total 33792K, used 11203K [0x00000000eab00000, 0x00000000eda80000, 0x0000000100000000)
  eden space 22528K, 0% used [0x00000000eab00000,0x00000000eab00000,0x00000000ec100000)
  from space 11264K, 99% used [0x00000000ecf80000,0x00000000eda70c58,0x00000000eda80000)
  to   space 12288K, 0% used [0x00000000ec280000,0x00000000ec280000,0x00000000ece80000)
 ParOldGen       total 198656K, used 194400K [0x00000000c0000000, 0x00000000cc200000, 0x00000000eab00000)
  object space 198656K, 97% used [0x00000000c0000000,0x00000000cbdd8220,0x00000000cc200000)
 Metaspace       used 61428K, committed 62656K, reserved 1114112K
  class space    used 6540K, committed 7104K, reserved 1048576K
}
Event: 19.857 GC heap before
{Heap before GC invocations=131 (full 7):
 PSYoungGen      total 33792K, used 11203K [0x00000000eab00000, 0x00000000eda80000, 0x0000000100000000)
  eden space 22528K, 0% used [0x00000000eab00000,0x00000000eab00000,0x00000000ec100000)
  from space 11264K, 99% used [0x00000000ecf80000,0x00000000eda70c58,0x00000000eda80000)
  to   space 12288K, 0% used [0x00000000ec280000,0x00000000ec280000,0x00000000ece80000)
 ParOldGen       total 198656K, used 194400K [0x00000000c0000000, 0x00000000cc200000, 0x00000000eab00000)
  object space 198656K, 97% used [0x00000000c0000000,0x00000000cbdd8220,0x00000000cc200000)
 Metaspace       used 61428K, committed 62656K, reserved 1114112K
  class space    used 6540K, committed 7104K, reserved 1048576K
}
Event: 20.139 GC heap after
{Heap after GC invocations=131 (full 7):
 PSYoungGen      total 35840K, used 1254K [0x00000000eab00000, 0x00000000edb00000, 0x0000000100000000)
  eden space 24576K, 0% used [0x00000000eab00000,0x00000000eab00000,0x00000000ec300000)
  from space 11264K, 11% used [0x00000000ecf80000,0x00000000ed0b9bb8,0x00000000eda80000)
  to   space 12288K, 0% used [0x00000000ec300000,0x00000000ec300000,0x00000000ecf00000)
 ParOldGen       total 264704K, used 198551K [0x00000000c0000000, 0x00000000d0280000, 0x00000000eab00000)
  object space 264704K, 75% used [0x00000000c0000000,0x00000000cc1e5ca0,0x00000000d0280000)
 Metaspace       used 61428K, committed 62656K, reserved 1114112K
  class space    used 6540K, committed 7104K, reserved 1048576K
}
Event: 20.311 GC heap before
{Heap before GC invocations=132 (full 7):
 PSYoungGen      total 35840K, used 25830K [0x00000000eab00000, 0x00000000edb00000, 0x0000000100000000)
  eden space 24576K, 100% used [0x00000000eab00000,0x00000000ec300000,0x00000000ec300000)
  from space 11264K, 11% used [0x00000000ecf80000,0x00000000ed0b9bb8,0x00000000eda80000)
  to   space 12288K, 0% used [0x00000000ec300000,0x00000000ec300000,0x00000000ecf00000)
 ParOldGen       total 264704K, used 198551K [0x00000000c0000000, 0x00000000d0280000, 0x00000000eab00000)
  object space 264704K, 75% used [0x00000000c0000000,0x00000000cc1e5ca0,0x00000000d0280000)
 Metaspace       used 61430K, committed 62720K, reserved 1114112K
  class space    used 6540K, committed 7104K, reserved 1048576K
}
Event: 20.337 GC heap after
{Heap after GC invocations=132 (full 7):
 PSYoungGen      total 32256K, used 7389K [0x00000000eab00000, 0x00000000ed700000, 0x0000000100000000)
  eden space 24576K, 0% used [0x00000000eab00000,0x00000000eab00000,0x00000000ec300000)
  from space 7680K, 96% used [0x00000000ec300000,0x00000000eca374c8,0x00000000eca80000)
  to   space 9216K, 0% used [0x00000000ece00000,0x00000000ece00000,0x00000000ed700000)
 ParOldGen       total 264704K, used 198551K [0x00000000c0000000, 0x00000000d0280000, 0x00000000eab00000)
  object space 264704K, 75% used [0x00000000c0000000,0x00000000cc1e5ca0,0x00000000d0280000)
 Metaspace       used 61430K, committed 62720K, reserved 1114112K
  class space    used 6540K, committed 7104K, reserved 1048576K
}
Event: 20.480 GC heap before
{Heap before GC invocations=133 (full 7):
 PSYoungGen      total 32256K, used 31965K [0x00000000eab00000, 0x00000000ed700000, 0x0000000100000000)
  eden space 24576K, 100% used [0x00000000eab00000,0x00000000ec300000,0x00000000ec300000)
  from space 7680K, 96% used [0x00000000ec300000,0x00000000eca374c8,0x00000000eca80000)
  to   space 9216K, 0% used [0x00000000ece00000,0x00000000ece00000,0x00000000ed700000)
 ParOldGen       total 264704K, used 198551K [0x00000000c0000000, 0x00000000d0280000, 0x00000000eab00000)
  object space 264704K, 75% used [0x00000000c0000000,0x00000000cc1e5ca0,0x00000000d0280000)
 Metaspace       used 61444K, committed 62720K, reserved 1114112K
  class space    used 6543K, committed 7104K, reserved 1048576K
}
Event: 20.490 GC heap after
{Heap after GC invocations=133 (full 7):
 PSYoungGen      total 31744K, used 9213K [0x00000000eab00000, 0x00000000edf00000, 0x0000000100000000)
  eden space 22528K, 0% used [0x00000000eab00000,0x00000000eab00000,0x00000000ec100000)
  from space 9216K, 99% used [0x00000000ece00000,0x00000000ed6ff540,0x00000000ed700000)
  to   space 13312K, 0% used [0x00000000ec100000,0x00000000ec100000,0x00000000ece00000)
 ParOldGen       total 264704K, used 201669K [0x00000000c0000000, 0x00000000d0280000, 0x00000000eab00000)
  object space 264704K, 76% used [0x00000000c0000000,0x00000000cc4f16a8,0x00000000d0280000)
 Metaspace       used 61444K, committed 62720K, reserved 1114112K
  class space    used 6543K, committed 7104K, reserved 1048576K
}
Event: 20.623 GC heap before
{Heap before GC invocations=134 (full 7):
 PSYoungGen      total 31744K, used 31741K [0x00000000eab00000, 0x00000000edf00000, 0x0000000100000000)
  eden space 22528K, 100% used [0x00000000eab00000,0x00000000ec100000,0x00000000ec100000)
  from space 9216K, 99% used [0x00000000ece00000,0x00000000ed6ff540,0x00000000ed700000)
  to   space 13312K, 0% used [0x00000000ec100000,0x00000000ec100000,0x00000000ece00000)
 ParOldGen       total 264704K, used 201669K [0x00000000c0000000, 0x00000000d0280000, 0x00000000eab00000)
  object space 264704K, 76% used [0x00000000c0000000,0x00000000cc4f16a8,0x00000000d0280000)
 Metaspace       used 61459K, committed 62720K, reserved 1114112K
  class space    used 6543K, committed 7104K, reserved 1048576K
}
Event: 20.634 GC heap after
{Heap after GC invocations=134 (full 7):
 PSYoungGen      total 35840K, used 13285K [0x00000000eab00000, 0x00000000ee000000, 0x0000000100000000)
  eden space 22528K, 0% used [0x00000000eab00000,0x00000000eab00000,0x00000000ec100000)
  from space 13312K, 99% used [0x00000000ec100000,0x00000000ecdf9760,0x00000000ece00000)
  to   space 14848K, 0% used [0x00000000ed180000,0x00000000ed180000,0x00000000ee000000)
 ParOldGen       total 264704K, used 202259K [0x00000000c0000000, 0x00000000d0280000, 0x00000000eab00000)
  object space 264704K, 76% used [0x00000000c0000000,0x00000000cc584d08,0x00000000d0280000)
 Metaspace       used 61459K, committed 62720K, reserved 1114112K
  class space    used 6543K, committed 7104K, reserved 1048576K
}

