# JRE version: OpenJDK Runtime Environment Temurin-17.0.10+7 (17.0.10+7) (build 17.0.10+7)
# Java VM: OpenJDK 64-Bit Server VM Temurin-17.0.10+7 (17.0.10+7, mixed mode, tiered, compressed oops, compressed class ptrs, parallel gc, windows-amd64)
GC Precious Log:
 CPUs: 12 total, 12 available
 Memory: 7967M
 Large Page Support: Disabled
 NUMA Support: Disabled
 Compressed Oops: Enabled (32-bit)
 Alignments: Space 512K, Generation 512K, Heap 2M
 Heap Min Capacity: 100M
 Heap Initial Capacity: 100M
 Heap Max Capacity: 1G
 Pre-touch: Disabled
 Parallel Workers: 10
Heap:
 PSYoungGen      total 19456K, used 11607K [0x00000000eab00000, 0x00000000ec300000, 0x0000000100000000)
  eden space 16384K, 52% used [0x00000000eab00000,0x00000000eb357a80,0x00000000ebb00000)
  from space 3072K, 99% used [0x00000000ebb00000,0x00000000ebdfe418,0x00000000ebe00000)
  to   space 4096K, 0% used [0x00000000ebf00000,0x00000000ebf00000,0x00000000ec300000)
 ParOldGen       total 119296K, used 104459K [0x00000000c0000000, 0x00000000c7480000, 0x00000000eab00000)
  object space 119296K, 87% used [0x00000000c0000000,0x00000000c6602c50,0x00000000c7480000)
 Metaspace       used 58334K, committed 59584K, reserved 1114112K
  class space    used 6185K, committed 6720K, reserved 1048576K
GC Heap History (20 events):
Event: 26.234 GC heap before
{Heap before GC invocations=44 (full 3):
 PSYoungGen      total 19968K, used 19839K [0x00000000eab00000, 0x00000000ec580000, 0x0000000100000000)
  eden space 17408K, 100% used [0x00000000eab00000,0x00000000ebc00000,0x00000000ebc00000)
  from space 2560K, 94% used [0x00000000ebc00000,0x00000000ebe5fc30,0x00000000ebe80000)
  to   space 4608K, 0% used [0x00000000ec100000,0x00000000ec100000,0x00000000ec580000)
 ParOldGen       total 96256K, used 86627K [0x00000000c0000000, 0x00000000c5e00000, 0x00000000eab00000)
  object space 96256K, 89% used [0x00000000c0000000,0x00000000c5498c00,0x00000000c5e00000)
 Metaspace       used 57578K, committed 58816K, reserved 1114112K
  class space    used 6163K, committed 6720K, reserved 1048576K
}
Event: 26.239 GC heap after
{Heap after GC invocations=44 (full 3):
 PSYoungGen      total 20992K, used 3174K [0x00000000eab00000, 0x00000000ec480000, 0x0000000100000000)
  eden space 17408K, 0% used [0x00000000eab00000,0x00000000eab00000,0x00000000ebc00000)
  from space 3584K, 88% used [0x00000000ec100000,0x00000000ec419800,0x00000000ec480000)
  to   space 3584K, 0% used [0x00000000ebd80000,0x00000000ebd80000,0x00000000ec100000)
 ParOldGen       total 96256K, used 88714K [0x00000000c0000000, 0x00000000c5e00000, 0x00000000eab00000)
  object space 96256K, 92% used [0x00000000c0000000,0x00000000c56a29d8,0x00000000c5e00000)
 Metaspace       used 57578K, committed 58816K, reserved 1114112K
  class space    used 6163K, committed 6720K, reserved 1048576K
}
Event: 26.346 GC heap before
{Heap before GC invocations=45 (full 3):
 PSYoungGen      total 20992K, used 20582K [0x00000000eab00000, 0x00000000ec480000, 0x0000000100000000)
  eden space 17408K, 100% used [0x00000000eab00000,0x00000000ebc00000,0x00000000ebc00000)
  from space 3584K, 88% used [0x00000000ec100000,0x00000000ec419800,0x00000000ec480000)
  to   space 3584K, 0% used [0x00000000ebd80000,0x00000000ebd80000,0x00000000ec100000)
 ParOldGen       total 96256K, used 88714K [0x00000000c0000000, 0x00000000c5e00000, 0x00000000eab00000)
  object space 96256K, 92% used [0x00000000c0000000,0x00000000c56a29d8,0x00000000c5e00000)
 Metaspace       used 57774K, committed 59008K, reserved 1114112K
  class space    used 6180K, committed 6720K, reserved 1048576K
}
Event: 26.351 GC heap after
{Heap after GC invocations=45 (full 3):
 PSYoungGen      total 20992K, used 3575K [0x00000000eab00000, 0x00000000eca00000, 0x0000000100000000)
  eden space 17408K, 0% used [0x00000000eab00000,0x00000000eab00000,0x00000000ebc00000)
  from space 3584K, 99% used [0x00000000ebd80000,0x00000000ec0fdf68,0x00000000ec100000)
  to   space 7168K, 0% used [0x00000000ec300000,0x00000000ec300000,0x00000000eca00000)
 ParOldGen       total 96256K, used 91555K [0x00000000c0000000, 0x00000000c5e00000, 0x00000000eab00000)
  object space 96256K, 95% used [0x00000000c0000000,0x00000000c5968f40,0x00000000c5e00000)
 Metaspace       used 57774K, committed 59008K, reserved 1114112K
  class space    used 6180K, committed 6720K, reserved 1048576K
}
Event: 26.460 GC heap before
{Heap before GC invocations=46 (full 3):
 PSYoungGen      total 20992K, used 20983K [0x00000000eab00000, 0x00000000eca00000, 0x0000000100000000)
  eden space 17408K, 100% used [0x00000000eab00000,0x00000000ebc00000,0x00000000ebc00000)
  from space 3584K, 99% used [0x00000000ebd80000,0x00000000ec0fdf68,0x00000000ec100000)
  to   space 7168K, 0% used [0x00000000ec300000,0x00000000ec300000,0x00000000eca00000)
 ParOldGen       total 96256K, used 91555K [0x00000000c0000000, 0x00000000c5e00000, 0x00000000eab00000)
  object space 96256K, 95% used [0x00000000c0000000,0x00000000c5968f40,0x00000000c5e00000)
 Metaspace       used 57897K, committed 59136K, reserved 1114112K
  class space    used 6180K, committed 6720K, reserved 1048576K
}
Event: 26.464 GC heap after
{Heap after GC invocations=46 (full 3):
 PSYoungGen      total 19968K, used 2342K [0x00000000eab00000, 0x00000000ec580000, 0x0000000100000000)
  eden space 17408K, 0% used [0x00000000eab00000,0x00000000eab00000,0x00000000ebc00000)
  from space 2560K, 91% used [0x00000000ec300000,0x00000000ec549b70,0x00000000ec580000)
  to   space 4096K, 0% used [0x00000000ebd80000,0x00000000ebd80000,0x00000000ec180000)
 ParOldGen       total 96256K, used 94953K [0x00000000c0000000, 0x00000000c5e00000, 0x00000000eab00000)
  object space 96256K, 98% used [0x00000000c0000000,0x00000000c5cba7c0,0x00000000c5e00000)
 Metaspace       used 57897K, committed 59136K, reserved 1114112K
  class space    used 6180K, committed 6720K, reserved 1048576K
}
Event: 26.464 GC heap before
{Heap before GC invocations=47 (full 4):
 PSYoungGen      total 19968K, used 2342K [0x00000000eab00000, 0x00000000ec580000, 0x0000000100000000)
  eden space 17408K, 0% used [0x00000000eab00000,0x00000000eab00000,0x00000000ebc00000)
  from space 2560K, 91% used [0x00000000ec300000,0x00000000ec549b70,0x00000000ec580000)
  to   space 4096K, 0% used [0x00000000ebd80000,0x00000000ebd80000,0x00000000ec180000)
 ParOldGen       total 96256K, used 94953K [0x00000000c0000000, 0x00000000c5e00000, 0x00000000eab00000)
  object space 96256K, 98% used [0x00000000c0000000,0x00000000c5cba7c0,0x00000000c5e00000)
 Metaspace       used 57897K, committed 59136K, reserved 1114112K
  class space    used 6180K, committed 6720K, reserved 1048576K
}
Event: 26.603 GC heap after
{Heap after GC invocations=47 (full 4):
 PSYoungGen      total 17920K, used 0K [0x00000000eab00000, 0x00000000ec400000, 0x0000000100000000)
  eden space 17408K, 0% used [0x00000000eab00000,0x00000000eab00000,0x00000000ebc00000)
  from space 512K, 0% used [0x00000000ebd80000,0x00000000ebd80000,0x00000000ebe00000)
  to   space 4096K, 0% used [0x00000000ec000000,0x00000000ec000000,0x00000000ec400000)
 ParOldGen       total 119296K, used 91000K [0x00000000c0000000, 0x00000000c7480000, 0x00000000eab00000)
  object space 119296K, 76% used [0x00000000c0000000,0x00000000c58de078,0x00000000c7480000)
 Metaspace       used 57895K, committed 59136K, reserved 1114112K
  class space    used 6180K, committed 6720K, reserved 1048576K
}
Event: 26.913 GC heap before
{Heap before GC invocations=48 (full 4):
 PSYoungGen      total 17920K, used 17408K [0x00000000eab00000, 0x00000000ec400000, 0x0000000100000000)
  eden space 17408K, 100% used [0x00000000eab00000,0x00000000ebc00000,0x00000000ebc00000)
  from space 512K, 0% used [0x00000000ebd80000,0x00000000ebd80000,0x00000000ebe00000)
  to   space 4096K, 0% used [0x00000000ec000000,0x00000000ec000000,0x00000000ec400000)
 ParOldGen       total 119296K, used 91000K [0x00000000c0000000, 0x00000000c7480000, 0x00000000eab00000)
  object space 119296K, 76% used [0x00000000c0000000,0x00000000c58de078,0x00000000c7480000)
 Metaspace       used 57968K, committed 59200K, reserved 1114112K
  class space    used 6181K, committed 6720K, reserved 1048576K
}
Event: 26.916 GC heap after
{Heap after GC invocations=48 (full 4):
 PSYoungGen      total 20992K, used 3294K [0x00000000eab00000, 0x00000000ec380000, 0x0000000100000000)
  eden space 17408K, 0% used [0x00000000eab00000,0x00000000eab00000,0x00000000ebc00000)
  from space 3584K, 91% used [0x00000000ec000000,0x00000000ec337bc0,0x00000000ec380000)
  to   space 3584K, 0% used [0x00000000ebc80000,0x00000000ebc80000,0x00000000ec000000)
 ParOldGen       total 119296K, used 91008K [0x00000000c0000000, 0x00000000c7480000, 0x00000000eab00000)
  object space 119296K, 76% used [0x00000000c0000000,0x00000000c58e0078,0x00000000c7480000)
 Metaspace       used 57968K, committed 59200K, reserved 1114112K
  class space    used 6181K, committed 6720K, reserved 1048576K
}
Event: 27.032 GC heap before
{Heap before GC invocations=49 (full 4):
 PSYoungGen      total 20992K, used 20702K [0x00000000eab00000, 0x00000000ec380000, 0x0000000100000000)
  eden space 17408K, 100% used [0x00000000eab00000,0x00000000ebc00000,0x00000000ebc00000)
  from space 3584K, 91% used [0x00000000ec000000,0x00000000ec337bc0,0x00000000ec380000)
  to   space 3584K, 0% used [0x00000000ebc80000,0x00000000ebc80000,0x00000000ec000000)
 ParOldGen       total 119296K, used 91008K [0x00000000c0000000, 0x00000000c7480000, 0x00000000eab00000)
  object space 119296K, 76% used [0x00000000c0000000,0x00000000c58e0078,0x00000000c7480000)
 Metaspace       used 58011K, committed 59200K, reserved 1114112K
  class space    used 6181K, committed 6720K, reserved 1048576K
}
Event: 27.037 GC heap after
{Heap after GC invocations=49 (full 4):
 PSYoungGen      total 20992K, used 3569K [0x00000000eab00000, 0x00000000eca00000, 0x0000000100000000)
  eden space 17408K, 0% used [0x00000000eab00000,0x00000000eab00000,0x00000000ebc00000)
  from space 3584K, 99% used [0x00000000ebc80000,0x00000000ebffc5f8,0x00000000ec000000)
  to   space 7168K, 0% used [0x00000000ec300000,0x00000000ec300000,0x00000000eca00000)
 ParOldGen       total 119296K, used 93810K [0x00000000c0000000, 0x00000000c7480000, 0x00000000eab00000)
  object space 119296K, 78% used [0x00000000c0000000,0x00000000c5b9ca40,0x00000000c7480000)
 Metaspace       used 58011K, committed 59200K, reserved 1114112K
  class space    used 6181K, committed 6720K, reserved 1048576K
}
Event: 27.109 GC heap before
{Heap before GC invocations=50 (full 4):
 PSYoungGen      total 20992K, used 20977K [0x00000000eab00000, 0x00000000eca00000, 0x0000000100000000)
  eden space 17408K, 100% used [0x00000000eab00000,0x00000000ebc00000,0x00000000ebc00000)
  from space 3584K, 99% used [0x00000000ebc80000,0x00000000ebffc5f8,0x00000000ec000000)
  to   space 7168K, 0% used [0x00000000ec300000,0x00000000ec300000,0x00000000eca00000)
 ParOldGen       total 119296K, used 93810K [0x00000000c0000000, 0x00000000c7480000, 0x00000000eab00000)
  object space 119296K, 78% used [0x00000000c0000000,0x00000000c5b9ca40,0x00000000c7480000)
 Metaspace       used 58103K, committed 59264K, reserved 1114112K
  class space    used 6182K, committed 6720K, reserved 1048576K
}
Event: 27.114 GC heap after
{Heap after GC invocations=50 (full 4):
 PSYoungGen      total 20992K, used 3168K [0x00000000eab00000, 0x00000000ec680000, 0x0000000100000000)
  eden space 17408K, 0% used [0x00000000eab00000,0x00000000eab00000,0x00000000ebc00000)
  from space 3584K, 88% used [0x00000000ec300000,0x00000000ec618230,0x00000000ec680000)
  to   space 4608K, 0% used [0x00000000ebd80000,0x00000000ebd80000,0x00000000ec200000)
 ParOldGen       total 119296K, used 97053K [0x00000000c0000000, 0x00000000c7480000, 0x00000000eab00000)
  object space 119296K, 81% used [0x00000000c0000000,0x00000000c5ec7650,0x00000000c7480000)
 Metaspace       used 58103K, committed 59264K, reserved 1114112K
  class space    used 6182K, committed 6720K, reserved 1048576K
}
Event: 27.193 GC heap before
{Heap before GC invocations=51 (full 4):
 PSYoungGen      total 20992K, used 20576K [0x00000000eab00000, 0x00000000ec680000, 0x0000000100000000)
  eden space 17408K, 100% used [0x00000000eab00000,0x00000000ebc00000,0x00000000ebc00000)
  from space 3584K, 88% used [0x00000000ec300000,0x00000000ec618230,0x00000000ec680000)
  to   space 4608K, 0% used [0x00000000ebd80000,0x00000000ebd80000,0x00000000ec200000)
 ParOldGen       total 119296K, used 97053K [0x00000000c0000000, 0x00000000c7480000, 0x00000000eab00000)
  object space 119296K, 81% used [0x00000000c0000000,0x00000000c5ec7650,0x00000000c7480000)
 Metaspace       used 58172K, committed 59392K, reserved 1114112K
  class space    used 6184K, committed 6720K, reserved 1048576K
}
Event: 27.198 GC heap after
{Heap after GC invocations=51 (full 4):
 PSYoungGen      total 19968K, used 2432K [0x00000000eab00000, 0x00000000ec380000, 0x0000000100000000)
  eden space 17408K, 0% used [0x00000000eab00000,0x00000000eab00000,0x00000000ebc00000)
  from space 2560K, 95% used [0x00000000ebd80000,0x00000000ebfe0000,0x00000000ec000000)
  to   space 3072K, 0% used [0x00000000ec080000,0x00000000ec080000,0x00000000ec380000)
 ParOldGen       total 119296K, used 99819K [0x00000000c0000000, 0x00000000c7480000, 0x00000000eab00000)
  object space 119296K, 83% used [0x00000000c0000000,0x00000000c617acf0,0x00000000c7480000)
 Metaspace       used 58172K, committed 59392K, reserved 1114112K
  class space    used 6184K, committed 6720K, reserved 1048576K
}
Event: 27.336 GC heap before
{Heap before GC invocations=52 (full 4):
 PSYoungGen      total 19968K, used 19840K [0x00000000eab00000, 0x00000000ec380000, 0x0000000100000000)
  eden space 17408K, 100% used [0x00000000eab00000,0x00000000ebc00000,0x00000000ebc00000)
  from space 2560K, 95% used [0x00000000ebd80000,0x00000000ebfe0000,0x00000000ec000000)
  to   space 3072K, 0% used [0x00000000ec080000,0x00000000ec080000,0x00000000ec380000)
 ParOldGen       total 119296K, used 99819K [0x00000000c0000000, 0x00000000c7480000, 0x00000000eab00000)
  object space 119296K, 83% used [0x00000000c0000000,0x00000000c617acf0,0x00000000c7480000)
 Metaspace       used 58216K, committed 59456K, reserved 1114112K
  class space    used 6184K, committed 6720K, reserved 1048576K
}
Event: 27.343 GC heap after
{Heap after GC invocations=52 (full 4):
 PSYoungGen      total 19456K, used 3053K [0x00000000eab00000, 0x00000000ec700000, 0x0000000100000000)
  eden space 16384K, 0% used [0x00000000eab00000,0x00000000eab00000,0x00000000ebb00000)
  from space 3072K, 99% used [0x00000000ec080000,0x00000000ec37b690,0x00000000ec380000)
  to   space 5632K, 0% used [0x00000000ebb00000,0x00000000ebb00000,0x00000000ec080000)
 ParOldGen       total 119296K, used 101797K [0x00000000c0000000, 0x00000000c7480000, 0x00000000eab00000)
  object space 119296K, 85% used [0x00000000c0000000,0x00000000c63694e0,0x00000000c7480000)
 Metaspace       used 58216K, committed 59456K, reserved 1114112K
  class space    used 6184K, committed 6720K, reserved 1048576K
}
Event: 27.741 GC heap before
{Heap before GC invocations=53 (full 4):
 PSYoungGen      total 19456K, used 19437K [0x00000000eab00000, 0x00000000ec700000, 0x0000000100000000)
  eden space 16384K, 100% used [0x00000000eab00000,0x00000000ebb00000,0x00000000ebb00000)
  from space 3072K, 99% used [0x00000000ec080000,0x00000000ec37b690,0x00000000ec380000)
  to   space 5632K, 0% used [0x00000000ebb00000,0x00000000ebb00000,0x00000000ec080000)
 ParOldGen       total 119296K, used 101797K [0x00000000c0000000, 0x00000000c7480000, 0x00000000eab00000)
  object space 119296K, 85% used [0x00000000c0000000,0x00000000c63694e0,0x00000000c7480000)
 Metaspace       used 58303K, committed 59520K, reserved 1114112K
  class space    used 6185K, committed 6720K, reserved 1048576K
}
Event: 27.748 GC heap after
{Heap after GC invocations=53 (full 4):
 PSYoungGen      total 19456K, used 3065K [0x00000000eab00000, 0x00000000ec300000, 0x0000000100000000)
  eden space 16384K, 0% used [0x00000000eab00000,0x00000000eab00000,0x00000000ebb00000)
  from space 3072K, 99% used [0x00000000ebb00000,0x00000000ebdfe418,0x00000000ebe00000)
  to   space 4096K, 0% used [0x00000000ebf00000,0x00000000ebf00000,0x00000000ec300000)
 ParOldGen       total 119296K, used 104459K [0x00000000c0000000, 0x00000000c7480000, 0x00000000eab00000)
  object space 119296K, 87% used [0x00000000c0000000,0x00000000c6602c50,0x00000000c7480000)
 Metaspace       used 58303K, committed 59520K, reserved 1114112K
  class space    used 6185K, committed 6720K, reserved 1048576K
}

