# JRE version: OpenJDK Runtime Environment Temurin-17.0.10+7 (17.0.10+7) (build 17.0.10+7)
# Java VM: OpenJDK 64-Bit Server VM Temurin-17.0.10+7 (17.0.10+7, mixed mode, tiered, compressed oops, compressed class ptrs, parallel gc, windows-amd64)
GC Precious Log:
 CPUs: 12 total, 12 available
 Memory: 7967M
 Large Page Support: Disabled
 NUMA Support: Disabled
 Compressed Oops: Enabled (32-bit)
 Alignments: Space 512K, Generation 512K, Heap 2M
 Heap Min Capacity: 100M
 Heap Initial Capacity: 100M
 Heap Max Capacity: 1G
 Pre-touch: Disabled
 Parallel Workers: 10
Heap:
 PSYoungGen      total 6144K, used 2253K [0x00000000eab00000, 0x00000000eb280000, 0x0000000100000000)
  eden space 4608K, 15% used [0x00000000eab00000,0x00000000eabb5248,0x00000000eaf80000)
  from space 1536K, 99% used [0x00000000eb100000,0x00000000eb27e2c8,0x00000000eb280000)
  to   space 1024K, 0% used [0x00000000eaf80000,0x00000000eaf80000,0x00000000eb080000)
 ParOldGen       total 140288K, used 116114K [0x00000000c0000000, 0x00000000c8900000, 0x00000000eab00000)
  object space 140288K, 82% used [0x00000000c0000000,0x00000000c7164bb8,0x00000000c8900000)
 Metaspace       used 58349K, committed 59584K, reserved 1114112K
  class space    used 6239K, committed 6720K, reserved 1048576K
GC Heap History (20 events):
Event: 30.546 GC heap before
{Heap before GC invocations=63 (full 4):
 PSYoungGen      total 9728K, used 9633K [0x00000000eab00000, 0x00000000eb800000, 0x0000000100000000)
  eden space 8192K, 100% used [0x00000000eab00000,0x00000000eb300000,0x00000000eb300000)
  from space 1536K, 93% used [0x00000000eb680000,0x00000000eb7e86d8,0x00000000eb800000)
  to   space 2560K, 0% used [0x00000000eb300000,0x00000000eb300000,0x00000000eb580000)
 ParOldGen       total 115200K, used 105002K [0x00000000c0000000, 0x00000000c7080000, 0x00000000eab00000)
  object space 115200K, 91% used [0x00000000c0000000,0x00000000c668a9f0,0x00000000c7080000)
 Metaspace       used 57352K, committed 58496K, reserved 1114112K
  class space    used 6140K, committed 6656K, reserved 1048576K
}
Event: 30.549 GC heap after
{Heap after GC invocations=63 (full 4):
 PSYoungGen      total 10752K, used 2528K [0x00000000eab00000, 0x00000000eba00000, 0x0000000100000000)
  eden space 8192K, 0% used [0x00000000eab00000,0x00000000eab00000,0x00000000eb300000)
  from space 2560K, 98% used [0x00000000eb300000,0x00000000eb578350,0x00000000eb580000)
  to   space 3584K, 0% used [0x00000000eb680000,0x00000000eb680000,0x00000000eba00000)
 ParOldGen       total 115200K, used 105452K [0x00000000c0000000, 0x00000000c7080000, 0x00000000eab00000)
  object space 115200K, 91% used [0x00000000c0000000,0x00000000c66fb298,0x00000000c7080000)
 Metaspace       used 57352K, committed 58496K, reserved 1114112K
  class space    used 6140K, committed 6656K, reserved 1048576K
}
Event: 30.651 GC heap before
{Heap before GC invocations=64 (full 4):
 PSYoungGen      total 10752K, used 10713K [0x00000000eab00000, 0x00000000eba00000, 0x0000000100000000)
  eden space 8192K, 99% used [0x00000000eab00000,0x00000000eb2fe218,0x00000000eb300000)
  from space 2560K, 98% used [0x00000000eb300000,0x00000000eb578350,0x00000000eb580000)
  to   space 3584K, 0% used [0x00000000eb680000,0x00000000eb680000,0x00000000eba00000)
 ParOldGen       total 115200K, used 105452K [0x00000000c0000000, 0x00000000c7080000, 0x00000000eab00000)
  object space 115200K, 91% used [0x00000000c0000000,0x00000000c66fb298,0x00000000c7080000)
 Metaspace       used 57394K, committed 58560K, reserved 1114112K
  class space    used 6145K, committed 6656K, reserved 1048576K
}
Event: 30.656 GC heap after
{Heap after GC invocations=64 (full 4):
 PSYoungGen      total 10240K, used 1740K [0x00000000eab00000, 0x00000000eb880000, 0x0000000100000000)
  eden space 8192K, 0% used [0x00000000eab00000,0x00000000eab00000,0x00000000eb300000)
  from space 2048K, 84% used [0x00000000eb680000,0x00000000eb8330b0,0x00000000eb880000)
  to   space 2560K, 0% used [0x00000000eb380000,0x00000000eb380000,0x00000000eb600000)
 ParOldGen       total 115200K, used 107832K [0x00000000c0000000, 0x00000000c7080000, 0x00000000eab00000)
  object space 115200K, 93% used [0x00000000c0000000,0x00000000c694e030,0x00000000c7080000)
 Metaspace       used 57394K, committed 58560K, reserved 1114112K
  class space    used 6145K, committed 6656K, reserved 1048576K
}
Event: 30.815 GC heap before
{Heap before GC invocations=65 (full 4):
 PSYoungGen      total 10240K, used 9932K [0x00000000eab00000, 0x00000000eb880000, 0x0000000100000000)
  eden space 8192K, 100% used [0x00000000eab00000,0x00000000eb300000,0x00000000eb300000)
  from space 2048K, 84% used [0x00000000eb680000,0x00000000eb8330b0,0x00000000eb880000)
  to   space 2560K, 0% used [0x00000000eb380000,0x00000000eb380000,0x00000000eb600000)
 ParOldGen       total 115200K, used 107832K [0x00000000c0000000, 0x00000000c7080000, 0x00000000eab00000)
  object space 115200K, 93% used [0x00000000c0000000,0x00000000c694e030,0x00000000c7080000)
 Metaspace       used 57684K, committed 58816K, reserved 1114112K
  class space    used 6170K, committed 6656K, reserved 1048576K
}
Event: 30.820 GC heap after
{Heap after GC invocations=65 (full 4):
 PSYoungGen      total 9728K, used 1234K [0x00000000eab00000, 0x00000000eb700000, 0x0000000100000000)
  eden space 8192K, 0% used [0x00000000eab00000,0x00000000eab00000,0x00000000eb300000)
  from space 1536K, 80% used [0x00000000eb380000,0x00000000eb4b4b58,0x00000000eb500000)
  to   space 1536K, 0% used [0x00000000eb580000,0x00000000eb580000,0x00000000eb700000)
 ParOldGen       total 115200K, used 109241K [0x00000000c0000000, 0x00000000c7080000, 0x00000000eab00000)
  object space 115200K, 94% used [0x00000000c0000000,0x00000000c6aae650,0x00000000c7080000)
 Metaspace       used 57684K, committed 58816K, reserved 1114112K
  class space    used 6170K, committed 6656K, reserved 1048576K
}
Event: 30.980 GC heap before
{Heap before GC invocations=66 (full 4):
 PSYoungGen      total 9728K, used 9426K [0x00000000eab00000, 0x00000000eb700000, 0x0000000100000000)
  eden space 8192K, 100% used [0x00000000eab00000,0x00000000eb300000,0x00000000eb300000)
  from space 1536K, 80% used [0x00000000eb380000,0x00000000eb4b4b58,0x00000000eb500000)
  to   space 1536K, 0% used [0x00000000eb580000,0x00000000eb580000,0x00000000eb700000)
 ParOldGen       total 115200K, used 109241K [0x00000000c0000000, 0x00000000c7080000, 0x00000000eab00000)
  object space 115200K, 94% used [0x00000000c0000000,0x00000000c6aae650,0x00000000c7080000)
 Metaspace       used 57750K, committed 58880K, reserved 1114112K
  class space    used 6179K, committed 6656K, reserved 1048576K
}
Event: 30.983 GC heap after
{Heap after GC invocations=66 (full 4):
 PSYoungGen      total 8704K, used 1517K [0x00000000eab00000, 0x00000000eba00000, 0x0000000100000000)
  eden space 7168K, 0% used [0x00000000eab00000,0x00000000eab00000,0x00000000eb200000)
  from space 1536K, 98% used [0x00000000eb580000,0x00000000eb6fb4e8,0x00000000eb700000)
  to   space 3584K, 0% used [0x00000000eb200000,0x00000000eb200000,0x00000000eb580000)
 ParOldGen       total 115200K, used 110575K [0x00000000c0000000, 0x00000000c7080000, 0x00000000eab00000)
  object space 115200K, 95% used [0x00000000c0000000,0x00000000c6bfbfd0,0x00000000c7080000)
 Metaspace       used 57750K, committed 58880K, reserved 1114112K
  class space    used 6179K, committed 6656K, reserved 1048576K
}
Event: 31.309 GC heap before
{Heap before GC invocations=67 (full 4):
 PSYoungGen      total 8704K, used 8685K [0x00000000eab00000, 0x00000000eba00000, 0x0000000100000000)
  eden space 7168K, 100% used [0x00000000eab00000,0x00000000eb200000,0x00000000eb200000)
  from space 1536K, 98% used [0x00000000eb580000,0x00000000eb6fb4e8,0x00000000eb700000)
  to   space 3584K, 0% used [0x00000000eb200000,0x00000000eb200000,0x00000000eb580000)
 ParOldGen       total 115200K, used 110575K [0x00000000c0000000, 0x00000000c7080000, 0x00000000eab00000)
  object space 115200K, 95% used [0x00000000c0000000,0x00000000c6bfbfd0,0x00000000c7080000)
 Metaspace       used 57867K, committed 59072K, reserved 1114112K
  class space    used 6188K, committed 6720K, reserved 1048576K
}
Event: 31.312 GC heap after
{Heap after GC invocations=67 (full 4):
 PSYoungGen      total 8704K, used 1523K [0x00000000eab00000, 0x00000000eb600000, 0x0000000100000000)
  eden space 7168K, 0% used [0x00000000eab00000,0x00000000eab00000,0x00000000eb200000)
  from space 1536K, 99% used [0x00000000eb200000,0x00000000eb37cd68,0x00000000eb380000)
  to   space 2048K, 0% used [0x00000000eb400000,0x00000000eb400000,0x00000000eb600000)
 ParOldGen       total 115200K, used 112047K [0x00000000c0000000, 0x00000000c7080000, 0x00000000eab00000)
  object space 115200K, 97% used [0x00000000c0000000,0x00000000c6d6bec8,0x00000000c7080000)
 Metaspace       used 57867K, committed 59072K, reserved 1114112K
  class space    used 6188K, committed 6720K, reserved 1048576K
}
Event: 31.427 GC heap before
{Heap before GC invocations=68 (full 4):
 PSYoungGen      total 8704K, used 8691K [0x00000000eab00000, 0x00000000eb600000, 0x0000000100000000)
  eden space 7168K, 100% used [0x00000000eab00000,0x00000000eb200000,0x00000000eb200000)
  from space 1536K, 99% used [0x00000000eb200000,0x00000000eb37cd68,0x00000000eb380000)
  to   space 2048K, 0% used [0x00000000eb400000,0x00000000eb400000,0x00000000eb600000)
 ParOldGen       total 115200K, used 112047K [0x00000000c0000000, 0x00000000c7080000, 0x00000000eab00000)
  object space 115200K, 97% used [0x00000000c0000000,0x00000000c6d6bec8,0x00000000c7080000)
 Metaspace       used 57874K, committed 59072K, reserved 1114112K
  class space    used 6190K, committed 6720K, reserved 1048576K
}
Event: 31.431 GC heap after
{Heap after GC invocations=68 (full 4):
 PSYoungGen      total 7680K, used 2026K [0x00000000eab00000, 0x00000000eb900000, 0x0000000100000000)
  eden space 5632K, 0% used [0x00000000eab00000,0x00000000eab00000,0x00000000eb080000)
  from space 2048K, 98% used [0x00000000eb400000,0x00000000eb5fa940,0x00000000eb600000)
  to   space 3584K, 0% used [0x00000000eb080000,0x00000000eb080000,0x00000000eb400000)
 ParOldGen       total 115200K, used 113050K [0x00000000c0000000, 0x00000000c7080000, 0x00000000eab00000)
  object space 115200K, 98% used [0x00000000c0000000,0x00000000c6e66a70,0x00000000c7080000)
 Metaspace       used 57874K, committed 59072K, reserved 1114112K
  class space    used 6190K, committed 6720K, reserved 1048576K
}
Event: 31.574 GC heap before
{Heap before GC invocations=69 (full 4):
 PSYoungGen      total 7680K, used 7655K [0x00000000eab00000, 0x00000000eb900000, 0x0000000100000000)
  eden space 5632K, 99% used [0x00000000eab00000,0x00000000eb07f3c0,0x00000000eb080000)
  from space 2048K, 98% used [0x00000000eb400000,0x00000000eb5fa940,0x00000000eb600000)
  to   space 3584K, 0% used [0x00000000eb080000,0x00000000eb080000,0x00000000eb400000)
 ParOldGen       total 115200K, used 113050K [0x00000000c0000000, 0x00000000c7080000, 0x00000000eab00000)
  object space 115200K, 98% used [0x00000000c0000000,0x00000000c6e66a70,0x00000000c7080000)
 Metaspace       used 58028K, committed 59200K, reserved 1114112K
  class space    used 6205K, committed 6720K, reserved 1048576K
}
Event: 31.579 GC heap after
{Heap after GC invocations=69 (full 4):
 PSYoungGen      total 7168K, used 1160K [0x00000000eab00000, 0x00000000eb480000, 0x0000000100000000)
  eden space 5632K, 0% used [0x00000000eab00000,0x00000000eab00000,0x00000000eb080000)
  from space 1536K, 75% used [0x00000000eb080000,0x00000000eb1a23d0,0x00000000eb200000)
  to   space 2048K, 0% used [0x00000000eb280000,0x00000000eb280000,0x00000000eb480000)
 ParOldGen       total 115200K, used 115062K [0x00000000c0000000, 0x00000000c7080000, 0x00000000eab00000)
  object space 115200K, 99% used [0x00000000c0000000,0x00000000c705dbc0,0x00000000c7080000)
 Metaspace       used 58028K, committed 59200K, reserved 1114112K
  class space    used 6205K, committed 6720K, reserved 1048576K
}
Event: 31.579 GC heap before
{Heap before GC invocations=70 (full 5):
 PSYoungGen      total 7168K, used 1160K [0x00000000eab00000, 0x00000000eb480000, 0x0000000100000000)
  eden space 5632K, 0% used [0x00000000eab00000,0x00000000eab00000,0x00000000eb080000)
  from space 1536K, 75% used [0x00000000eb080000,0x00000000eb1a23d0,0x00000000eb200000)
  to   space 2048K, 0% used [0x00000000eb280000,0x00000000eb280000,0x00000000eb480000)
 ParOldGen       total 115200K, used 115062K [0x00000000c0000000, 0x00000000c7080000, 0x00000000eab00000)
  object space 115200K, 99% used [0x00000000c0000000,0x00000000c705dbc0,0x00000000c7080000)
 Metaspace       used 58028K, committed 59200K, reserved 1114112K
  class space    used 6205K, committed 6720K, reserved 1048576K
}
Event: 31.897 GC heap after
{Heap after GC invocations=70 (full 5):
 PSYoungGen      total 7680K, used 0K [0x00000000eab00000, 0x00000000eb480000, 0x0000000100000000)
  eden space 5632K, 0% used [0x00000000eab00000,0x00000000eab00000,0x00000000eb080000)
  from space 2048K, 0% used [0x00000000eb280000,0x00000000eb280000,0x00000000eb480000)
  to   space 2048K, 0% used [0x00000000eb080000,0x00000000eb080000,0x00000000eb280000)
 ParOldGen       total 140288K, used 113570K [0x00000000c0000000, 0x00000000c8900000, 0x00000000eab00000)
  object space 140288K, 80% used [0x00000000c0000000,0x00000000c6ee8b50,0x00000000c8900000)
 Metaspace       used 58023K, committed 59200K, reserved 1114112K
  class space    used 6204K, committed 6720K, reserved 1048576K
}
Event: 32.025 GC heap before
{Heap before GC invocations=71 (full 5):
 PSYoungGen      total 7680K, used 5632K [0x00000000eab00000, 0x00000000eb480000, 0x0000000100000000)
  eden space 5632K, 100% used [0x00000000eab00000,0x00000000eb080000,0x00000000eb080000)
  from space 2048K, 0% used [0x00000000eb280000,0x00000000eb280000,0x00000000eb480000)
  to   space 2048K, 0% used [0x00000000eb080000,0x00000000eb080000,0x00000000eb280000)
 ParOldGen       total 140288K, used 113570K [0x00000000c0000000, 0x00000000c8900000, 0x00000000eab00000)
  object space 140288K, 80% used [0x00000000c0000000,0x00000000c6ee8b50,0x00000000c8900000)
 Metaspace       used 58047K, committed 59200K, reserved 1114112K
  class space    used 6208K, committed 6720K, reserved 1048576K
}
Event: 32.027 GC heap after
{Heap after GC invocations=71 (full 5):
 PSYoungGen      total 7168K, used 1344K [0x00000000eab00000, 0x00000000eb380000, 0x0000000100000000)
  eden space 5632K, 0% used [0x00000000eab00000,0x00000000eab00000,0x00000000eb080000)
  from space 1536K, 87% used [0x00000000eb080000,0x00000000eb1d0000,0x00000000eb200000)
  to   space 1536K, 0% used [0x00000000eb200000,0x00000000eb200000,0x00000000eb380000)
 ParOldGen       total 140288K, used 113570K [0x00000000c0000000, 0x00000000c8900000, 0x00000000eab00000)
  object space 140288K, 80% used [0x00000000c0000000,0x00000000c6ee8b50,0x00000000c8900000)
 Metaspace       used 58047K, committed 59200K, reserved 1114112K
  class space    used 6208K, committed 6720K, reserved 1048576K
}
Event: 32.093 GC heap before
{Heap before GC invocations=72 (full 5):
 PSYoungGen      total 7168K, used 6976K [0x00000000eab00000, 0x00000000eb380000, 0x0000000100000000)
  eden space 5632K, 100% used [0x00000000eab00000,0x00000000eb080000,0x00000000eb080000)
  from space 1536K, 87% used [0x00000000eb080000,0x00000000eb1d0000,0x00000000eb200000)
  to   space 1536K, 0% used [0x00000000eb200000,0x00000000eb200000,0x00000000eb380000)
 ParOldGen       total 140288K, used 113570K [0x00000000c0000000, 0x00000000c8900000, 0x00000000eab00000)
  object space 140288K, 80% used [0x00000000c0000000,0x00000000c6ee8b50,0x00000000c8900000)
 Metaspace       used 58150K, committed 59392K, reserved 1114112K
  class space    used 6221K, committed 6720K, reserved 1048576K
}
Event: 32.099 GC heap after
{Heap after GC invocations=72 (full 5):
 PSYoungGen      total 6144K, used 1536K [0x00000000eab00000, 0x00000000eb580000, 0x0000000100000000)
  eden space 4608K, 0% used [0x00000000eab00000,0x00000000eab00000,0x00000000eaf80000)
  from space 1536K, 100% used [0x00000000eb200000,0x00000000eb380000,0x00000000eb380000)
  to   space 2560K, 0% used [0x00000000eaf80000,0x00000000eaf80000,0x00000000eb200000)
 ParOldGen       total 140288K, used 114263K [0x00000000c0000000, 0x00000000c8900000, 0x00000000eab00000)
  object space 140288K, 81% used [0x00000000c0000000,0x00000000c6f95f28,0x00000000c8900000)
 Metaspace       used 58150K, committed 59392K, reserved 1114112K
  class space    used 6221K, committed 6720K, reserved 1048576K
}

