# JRE version: OpenJDK Runtime Environment Temurin-17.0.10+7 (17.0.10+7) (build 17.0.10+7)
# Java VM: OpenJDK 64-Bit Server VM Temurin-17.0.10+7 (17.0.10+7, mixed mode, tiered, compressed oops, compressed class ptrs, parallel gc, windows-amd64)
GC Precious Log:
 CPUs: 12 total, 12 available
 Memory: 7967M
 Large Page Support: Disabled
 NUMA Support: Disabled
 Compressed Oops: Enabled (32-bit)
 Alignments: Space 512K, Generation 512K, Heap 2M
 Heap Min Capacity: 100M
 Heap Initial Capacity: 100M
 Heap Max Capacity: 1G
 Pre-touch: Disabled
 Parallel Workers: 10
Heap:
 PSYoungGen      total 14848K, used 14817K [0x00000000eab00000, 0x00000000ebc00000, 0x0000000100000000)
  eden space 13312K, 99% used [0x00000000eab00000,0x00000000eb7fc198,0x00000000eb800000)
  from space 1536K, 99% used [0x00000000eba80000,0x00000000ebbfc548,0x00000000ebc00000)
  to   space 2048K, 0% used [0x00000000eb800000,0x00000000eb800000,0x00000000eba00000)
 ParOldGen       total 211456K, used 205402K [0x00000000c0000000, 0x00000000cce80000, 0x00000000eab00000)
  object space 211456K, 97% used [0x00000000c0000000,0x00000000cc8968f0,0x00000000cce80000)
 Metaspace       used 66553K, committed 67776K, reserved 1114112K
  class space    used 7075K, committed 7616K, reserved 1048576K
GC Heap History (20 events):
Event: 13.722 GC heap before
{Heap before GC invocations=191 (full 8):
 PSYoungGen      total 8192K, used 7877K [0x00000000eab00000, 0x00000000eb480000, 0x0000000100000000)
  eden space 6656K, 100% used [0x00000000eab00000,0x00000000eb180000,0x00000000eb180000)
  from space 1536K, 79% used [0x00000000eb300000,0x00000000eb4317f0,0x00000000eb480000)
  to   space 1536K, 0% used [0x00000000eb180000,0x00000000eb180000,0x00000000eb300000)
 ParOldGen       total 211456K, used 190982K [0x00000000c0000000, 0x00000000cce80000, 0x00000000eab00000)
  object space 211456K, 90% used [0x00000000c0000000,0x00000000cba81a70,0x00000000cce80000)
 Metaspace       used 65959K, committed 67264K, reserved 1114112K
  class space    used 7019K, committed 7616K, reserved 1048576K
}
Event: 13.725 GC heap after
{Heap after GC invocations=191 (full 8):
 PSYoungGen      total 8192K, used 1488K [0x00000000eab00000, 0x00000000eb580000, 0x0000000100000000)
  eden space 6656K, 0% used [0x00000000eab00000,0x00000000eab00000,0x00000000eb180000)
  from space 1536K, 96% used [0x00000000eb180000,0x00000000eb2f4010,0x00000000eb300000)
  to   space 1536K, 0% used [0x00000000eb400000,0x00000000eb400000,0x00000000eb580000)
 ParOldGen       total 211456K, used 192044K [0x00000000c0000000, 0x00000000cce80000, 0x00000000eab00000)
  object space 211456K, 90% used [0x00000000c0000000,0x00000000cbb8b188,0x00000000cce80000)
 Metaspace       used 65959K, committed 67264K, reserved 1114112K
  class space    used 7019K, committed 7616K, reserved 1048576K
}
Event: 13.748 GC heap before
{Heap before GC invocations=192 (full 8):
 PSYoungGen      total 8192K, used 8144K [0x00000000eab00000, 0x00000000eb580000, 0x0000000100000000)
  eden space 6656K, 100% used [0x00000000eab00000,0x00000000eb180000,0x00000000eb180000)
  from space 1536K, 96% used [0x00000000eb180000,0x00000000eb2f4010,0x00000000eb300000)
  to   space 1536K, 0% used [0x00000000eb400000,0x00000000eb400000,0x00000000eb580000)
 ParOldGen       total 211456K, used 192044K [0x00000000c0000000, 0x00000000cce80000, 0x00000000eab00000)
  object space 211456K, 90% used [0x00000000c0000000,0x00000000cbb8b188,0x00000000cce80000)
 Metaspace       used 65968K, committed 67264K, reserved 1114112K
  class space    used 7020K, committed 7616K, reserved 1048576K
}
Event: 13.752 GC heap after
{Heap after GC invocations=192 (full 8):
 PSYoungGen      total 9216K, used 945K [0x00000000eab00000, 0x00000000eb580000, 0x0000000100000000)
  eden space 7680K, 0% used [0x00000000eab00000,0x00000000eab00000,0x00000000eb280000)
  from space 1536K, 61% used [0x00000000eb400000,0x00000000eb4ec4f8,0x00000000eb580000)
  to   space 1536K, 0% used [0x00000000eb280000,0x00000000eb280000,0x00000000eb400000)
 ParOldGen       total 211456K, used 193411K [0x00000000c0000000, 0x00000000cce80000, 0x00000000eab00000)
  object space 211456K, 91% used [0x00000000c0000000,0x00000000cbce0ea0,0x00000000cce80000)
 Metaspace       used 65968K, committed 67264K, reserved 1114112K
  class space    used 7020K, committed 7616K, reserved 1048576K
}
Event: 13.767 GC heap before
{Heap before GC invocations=193 (full 8):
 PSYoungGen      total 9216K, used 8625K [0x00000000eab00000, 0x00000000eb580000, 0x0000000100000000)
  eden space 7680K, 100% used [0x00000000eab00000,0x00000000eb280000,0x00000000eb280000)
  from space 1536K, 61% used [0x00000000eb400000,0x00000000eb4ec4f8,0x00000000eb580000)
  to   space 1536K, 0% used [0x00000000eb280000,0x00000000eb280000,0x00000000eb400000)
 ParOldGen       total 211456K, used 193411K [0x00000000c0000000, 0x00000000cce80000, 0x00000000eab00000)
  object space 211456K, 91% used [0x00000000c0000000,0x00000000cbce0ea0,0x00000000cce80000)
 Metaspace       used 65972K, committed 67264K, reserved 1114112K
  class space    used 7020K, committed 7616K, reserved 1048576K
}
Event: 13.771 GC heap after
{Heap after GC invocations=193 (full 8):
 PSYoungGen      total 9216K, used 1520K [0x00000000eab00000, 0x00000000eb980000, 0x0000000100000000)
  eden space 7680K, 0% used [0x00000000eab00000,0x00000000eab00000,0x00000000eb280000)
  from space 1536K, 99% used [0x00000000eb280000,0x00000000eb3fc3d0,0x00000000eb400000)
  to   space 3072K, 0% used [0x00000000eb680000,0x00000000eb680000,0x00000000eb980000)
 ParOldGen       total 211456K, used 194481K [0x00000000c0000000, 0x00000000cce80000, 0x00000000eab00000)
  object space 211456K, 91% used [0x00000000c0000000,0x00000000cbdec628,0x00000000cce80000)
 Metaspace       used 65972K, committed 67264K, reserved 1114112K
  class space    used 7020K, committed 7616K, reserved 1048576K
}
Event: 13.795 GC heap before
{Heap before GC invocations=194 (full 8):
 PSYoungGen      total 9216K, used 9200K [0x00000000eab00000, 0x00000000eb980000, 0x0000000100000000)
  eden space 7680K, 100% used [0x00000000eab00000,0x00000000eb280000,0x00000000eb280000)
  from space 1536K, 99% used [0x00000000eb280000,0x00000000eb3fc3d0,0x00000000eb400000)
  to   space 3072K, 0% used [0x00000000eb680000,0x00000000eb680000,0x00000000eb980000)
 ParOldGen       total 211456K, used 194481K [0x00000000c0000000, 0x00000000cce80000, 0x00000000eab00000)
  object space 211456K, 91% used [0x00000000c0000000,0x00000000cbdec628,0x00000000cce80000)
 Metaspace       used 66000K, committed 67328K, reserved 1114112K
  class space    used 7020K, committed 7616K, reserved 1048576K
}
Event: 13.799 GC heap after
{Heap after GC invocations=194 (full 8):
 PSYoungGen      total 10240K, used 1340K [0x00000000eab00000, 0x00000000eb800000, 0x0000000100000000)
  eden space 8704K, 0% used [0x00000000eab00000,0x00000000eab00000,0x00000000eb380000)
  from space 1536K, 87% used [0x00000000eb680000,0x00000000eb7cf0c8,0x00000000eb800000)
  to   space 2048K, 0% used [0x00000000eb400000,0x00000000eb400000,0x00000000eb600000)
 ParOldGen       total 211456K, used 196548K [0x00000000c0000000, 0x00000000cce80000, 0x00000000eab00000)
  object space 211456K, 92% used [0x00000000c0000000,0x00000000cbff1080,0x00000000cce80000)
 Metaspace       used 66000K, committed 67328K, reserved 1114112K
  class space    used 7020K, committed 7616K, reserved 1048576K
}
Event: 13.821 GC heap before
{Heap before GC invocations=195 (full 8):
 PSYoungGen      total 10240K, used 10044K [0x00000000eab00000, 0x00000000eb800000, 0x0000000100000000)
  eden space 8704K, 100% used [0x00000000eab00000,0x00000000eb380000,0x00000000eb380000)
  from space 1536K, 87% used [0x00000000eb680000,0x00000000eb7cf0c8,0x00000000eb800000)
  to   space 2048K, 0% used [0x00000000eb400000,0x00000000eb400000,0x00000000eb600000)
 ParOldGen       total 211456K, used 196548K [0x00000000c0000000, 0x00000000cce80000, 0x00000000eab00000)
  object space 211456K, 92% used [0x00000000c0000000,0x00000000cbff1080,0x00000000cce80000)
 Metaspace       used 66014K, committed 67328K, reserved 1114112K
  class space    used 7020K, committed 7616K, reserved 1048576K
}
Event: 13.827 GC heap after
{Heap after GC invocations=195 (full 8):
 PSYoungGen      total 11264K, used 2036K [0x00000000eab00000, 0x00000000ebf00000, 0x0000000100000000)
  eden space 9216K, 0% used [0x00000000eab00000,0x00000000eab00000,0x00000000eb400000)
  from space 2048K, 99% used [0x00000000eb400000,0x00000000eb5fd398,0x00000000eb600000)
  to   space 5120K, 0% used [0x00000000eba00000,0x00000000eba00000,0x00000000ebf00000)
 ParOldGen       total 211456K, used 199062K [0x00000000c0000000, 0x00000000cce80000, 0x00000000eab00000)
  object space 211456K, 94% used [0x00000000c0000000,0x00000000cc265828,0x00000000cce80000)
 Metaspace       used 66014K, committed 67328K, reserved 1114112K
  class space    used 7020K, committed 7616K, reserved 1048576K
}
Event: 13.844 GC heap before
{Heap before GC invocations=196 (full 8):
 PSYoungGen      total 11264K, used 11252K [0x00000000eab00000, 0x00000000ebf00000, 0x0000000100000000)
  eden space 9216K, 100% used [0x00000000eab00000,0x00000000eb400000,0x00000000eb400000)
  from space 2048K, 99% used [0x00000000eb400000,0x00000000eb5fd398,0x00000000eb600000)
  to   space 5120K, 0% used [0x00000000eba00000,0x00000000eba00000,0x00000000ebf00000)
 ParOldGen       total 211456K, used 199062K [0x00000000c0000000, 0x00000000cce80000, 0x00000000eab00000)
  object space 211456K, 94% used [0x00000000c0000000,0x00000000cc265828,0x00000000cce80000)
 Metaspace       used 66033K, committed 67328K, reserved 1114112K
  class space    used 7020K, committed 7616K, reserved 1048576K
}
Event: 13.849 GC heap after
{Heap after GC invocations=196 (full 8):
 PSYoungGen      total 13824K, used 2700K [0x00000000eab00000, 0x00000000ebd00000, 0x0000000100000000)
  eden space 10752K, 0% used [0x00000000eab00000,0x00000000eab00000,0x00000000eb580000)
  from space 3072K, 87% used [0x00000000eba00000,0x00000000ebca3370,0x00000000ebd00000)
  to   space 3584K, 0% used [0x00000000eb600000,0x00000000eb600000,0x00000000eb980000)
 ParOldGen       total 211456K, used 199651K [0x00000000c0000000, 0x00000000cce80000, 0x00000000eab00000)
  object space 211456K, 94% used [0x00000000c0000000,0x00000000cc2f8e90,0x00000000cce80000)
 Metaspace       used 66033K, committed 67328K, reserved 1114112K
  class space    used 7020K, committed 7616K, reserved 1048576K
}
Event: 13.865 GC heap before
{Heap before GC invocations=197 (full 8):
 PSYoungGen      total 13824K, used 13452K [0x00000000eab00000, 0x00000000ebd00000, 0x0000000100000000)
  eden space 10752K, 100% used [0x00000000eab00000,0x00000000eb580000,0x00000000eb580000)
  from space 3072K, 87% used [0x00000000eba00000,0x00000000ebca3370,0x00000000ebd00000)
  to   space 3584K, 0% used [0x00000000eb600000,0x00000000eb600000,0x00000000eb980000)
 ParOldGen       total 211456K, used 199651K [0x00000000c0000000, 0x00000000cce80000, 0x00000000eab00000)
  object space 211456K, 94% used [0x00000000c0000000,0x00000000cc2f8e90,0x00000000cce80000)
 Metaspace       used 66033K, committed 67328K, reserved 1114112K
  class space    used 7020K, committed 7616K, reserved 1048576K
}
Event: 13.869 GC heap after
{Heap after GC invocations=197 (full 8):
 PSYoungGen      total 14848K, used 2530K [0x00000000eab00000, 0x00000000ebd80000, 0x0000000100000000)
  eden space 11264K, 0% used [0x00000000eab00000,0x00000000eab00000,0x00000000eb600000)
  from space 3584K, 70% used [0x00000000eb600000,0x00000000eb8789a8,0x00000000eb980000)
  to   space 3072K, 0% used [0x00000000eba80000,0x00000000eba80000,0x00000000ebd80000)
 ParOldGen       total 211456K, used 200685K [0x00000000c0000000, 0x00000000cce80000, 0x00000000eab00000)
  object space 211456K, 94% used [0x00000000c0000000,0x00000000cc3fb690,0x00000000cce80000)
 Metaspace       used 66033K, committed 67328K, reserved 1114112K
  class space    used 7020K, committed 7616K, reserved 1048576K
}
Event: 13.888 GC heap before
{Heap before GC invocations=198 (full 8):
 PSYoungGen      total 14848K, used 13261K [0x00000000eab00000, 0x00000000ebd80000, 0x0000000100000000)
  eden space 11264K, 95% used [0x00000000eab00000,0x00000000eb57ab38,0x00000000eb600000)
  from space 3584K, 70% used [0x00000000eb600000,0x00000000eb8789a8,0x00000000eb980000)
  to   space 3072K, 0% used [0x00000000eba80000,0x00000000eba80000,0x00000000ebd80000)
 ParOldGen       total 211456K, used 200685K [0x00000000c0000000, 0x00000000cce80000, 0x00000000eab00000)
  object space 211456K, 94% used [0x00000000c0000000,0x00000000cc3fb690,0x00000000cce80000)
 Metaspace       used 66033K, committed 67328K, reserved 1114112K
  class space    used 7020K, committed 7616K, reserved 1048576K
}
Event: 13.892 GC heap after
{Heap after GC invocations=198 (full 8):
 PSYoungGen      total 14848K, used 1022K [0x00000000eab00000, 0x00000000ebc00000, 0x0000000100000000)
  eden space 13312K, 0% used [0x00000000eab00000,0x00000000eab00000,0x00000000eb800000)
  from space 1536K, 66% used [0x00000000eba80000,0x00000000ebb7fa20,0x00000000ebc00000)
  to   space 2048K, 0% used [0x00000000eb800000,0x00000000eb800000,0x00000000eba00000)
 ParOldGen       total 211456K, used 201529K [0x00000000c0000000, 0x00000000cce80000, 0x00000000eab00000)
  object space 211456K, 95% used [0x00000000c0000000,0x00000000cc4ce6d0,0x00000000cce80000)
 Metaspace       used 66033K, committed 67328K, reserved 1114112K
  class space    used 7020K, committed 7616K, reserved 1048576K
}
Event: 13.958 GC heap before
{Heap before GC invocations=199 (full 8):
 PSYoungGen      total 14848K, used 14334K [0x00000000eab00000, 0x00000000ebc00000, 0x0000000100000000)
  eden space 13312K, 100% used [0x00000000eab00000,0x00000000eb800000,0x00000000eb800000)
  from space 1536K, 66% used [0x00000000eba80000,0x00000000ebb7fa20,0x00000000ebc00000)
  to   space 2048K, 0% used [0x00000000eb800000,0x00000000eb800000,0x00000000eba00000)
 ParOldGen       total 211456K, used 201529K [0x00000000c0000000, 0x00000000cce80000, 0x00000000eab00000)
  object space 211456K, 95% used [0x00000000c0000000,0x00000000cc4ce6d0,0x00000000cce80000)
 Metaspace       used 66185K, committed 67456K, reserved 1114112K
  class space    used 7044K, committed 7616K, reserved 1048576K
}
Event: 13.963 GC heap after
{Heap after GC invocations=199 (full 8):
 PSYoungGen      total 15360K, used 1943K [0x00000000eab00000, 0x00000000ebc00000, 0x0000000100000000)
  eden space 13312K, 0% used [0x00000000eab00000,0x00000000eab00000,0x00000000eb800000)
  from space 2048K, 94% used [0x00000000eb800000,0x00000000eb9e5e08,0x00000000eba00000)
  to   space 1536K, 0% used [0x00000000eba80000,0x00000000eba80000,0x00000000ebc00000)
 ParOldGen       total 211456K, used 202437K [0x00000000c0000000, 0x00000000cce80000, 0x00000000eab00000)
  object space 211456K, 95% used [0x00000000c0000000,0x00000000cc5b1510,0x00000000cce80000)
 Metaspace       used 66185K, committed 67456K, reserved 1114112K
  class space    used 7044K, committed 7616K, reserved 1048576K
}
Event: 14.059 GC heap before
{Heap before GC invocations=200 (full 8):
 PSYoungGen      total 15360K, used 15255K [0x00000000eab00000, 0x00000000ebc00000, 0x0000000100000000)
  eden space 13312K, 100% used [0x00000000eab00000,0x00000000eb800000,0x00000000eb800000)
  from space 2048K, 94% used [0x00000000eb800000,0x00000000eb9e5e08,0x00000000eba00000)
  to   space 1536K, 0% used [0x00000000eba80000,0x00000000eba80000,0x00000000ebc00000)
 ParOldGen       total 211456K, used 202437K [0x00000000c0000000, 0x00000000cce80000, 0x00000000eab00000)
  object space 211456K, 95% used [0x00000000c0000000,0x00000000cc5b1510,0x00000000cce80000)
 Metaspace       used 66546K, committed 67776K, reserved 1114112K
  class space    used 7075K, committed 7616K, reserved 1048576K
}
Event: 14.064 GC heap after
{Heap after GC invocations=200 (full 8):
 PSYoungGen      total 14848K, used 1521K [0x00000000eab00000, 0x00000000ebc00000, 0x0000000100000000)
  eden space 13312K, 0% used [0x00000000eab00000,0x00000000eab00000,0x00000000eb800000)
  from space 1536K, 99% used [0x00000000eba80000,0x00000000ebbfc548,0x00000000ebc00000)
  to   space 2048K, 0% used [0x00000000eb800000,0x00000000eb800000,0x00000000eba00000)
 ParOldGen       total 211456K, used 205402K [0x00000000c0000000, 0x00000000cce80000, 0x00000000eab00000)
  object space 211456K, 97% used [0x00000000c0000000,0x00000000cc8968f0,0x00000000cce80000)
 Metaspace       used 66546K, committed 67776K, reserved 1114112K
  class space    used 7075K, committed 7616K, reserved 1048576K
}

